2025.01.19 22:48:56.246 | error: uncaughtException: util is not defined
ReferenceError: util is not defined
    at Server.<anonymous> (file:///C:/Users/Artemiik/Documents/git/flicksfi/web-tests/src/app.js:32:3)
    at Object.onceWrapper (node:events:632:28)
    at Server.emit (node:events:530:35)
    at emitListeningNT (node:net:1931:10)
    at process.processTicksAndRejections (node:internal/process/task_queues:81:21)
2025.01.19 22:49:14.583 | error: uncaughtException: util is not defined
ReferenceError: util is not defined
    at Server.<anonymous> (file:///C:/Users/Artemiik/Documents/git/flicksfi/web-tests/src/app.js:32:3)
    at Object.onceWrapper (node:events:632:28)
    at Server.emit (node:events:530:35)
    at emitListeningNT (node:net:1931:10)
    at process.processTicksAndRejections (node:internal/process/task_queues:81:21)
2025.01.19 22:49:16.809 | error: uncaughtException: util is not defined
ReferenceError: util is not defined
    at Server.<anonymous> (file:///C:/Users/Artemiik/Documents/git/flicksfi/web-tests/src/app.js:32:3)
    at Object.onceWrapper (node:events:632:28)
    at Server.emit (node:events:530:35)
    at emitListeningNT (node:net:1931:10)
    at process.processTicksAndRejections (node:internal/process/task_queues:81:21)
2025.01.19 22:54:05.891 | error: uncaughtException: routers is not defined
ReferenceError: routers is not defined
    at file:///C:/Users/Artemiik/Documents/git/flicksfi/web-tests/src/app.js:21:1
    at ModuleJob.run (node:internal/modules/esm/module_job:222:25)
    at async ModuleLoader.import (node:internal/modules/esm/loader:323:24)
    at async loadESM (node:internal/process/esm_loader:28:7)
    at async handleMainPromise (node:internal/modules/run_main:113:12)
2025.01.19 22:57:09.276 | error: uncaughtException: __dirname is not defined in ES module scope
This file is being treated as an ES module because it has a '.js' file extension and 'C:\Users\Artemiik\Documents\git\flicksfi\web-tests\package.json' contains "type": "module". To treat it as a CommonJS script, rename it to use the '.cjs' file extension.
ReferenceError: __dirname is not defined in ES module scope
This file is being treated as an ES module because it has a '.js' file extension and 'C:\Users\Artemiik\Documents\git\flicksfi\web-tests\package.json' contains "type": "module". To treat it as a CommonJS script, rename it to use the '.cjs' file extension.
    at file:///C:/Users/Artemiik/Documents/git/flicksfi/web-tests/src/app.js:15:34
    at ModuleJob.run (node:internal/modules/esm/module_job:222:25)
    at async ModuleLoader.import (node:internal/modules/esm/loader:323:24)
    at async loadESM (node:internal/process/esm_loader:28:7)
    at async handleMainPromise (node:internal/modules/run_main:113:12)
2025.01.19 22:57:10.251 | error: uncaughtException: __dirname is not defined in ES module scope
This file is being treated as an ES module because it has a '.js' file extension and 'C:\Users\Artemiik\Documents\git\flicksfi\web-tests\package.json' contains "type": "module". To treat it as a CommonJS script, rename it to use the '.cjs' file extension.
ReferenceError: __dirname is not defined in ES module scope
This file is being treated as an ES module because it has a '.js' file extension and 'C:\Users\Artemiik\Documents\git\flicksfi\web-tests\package.json' contains "type": "module". To treat it as a CommonJS script, rename it to use the '.cjs' file extension.
    at file:///C:/Users/Artemiik/Documents/git/flicksfi/web-tests/src/app.js:14:34
    at ModuleJob.run (node:internal/modules/esm/module_job:222:25)
    at async ModuleLoader.import (node:internal/modules/esm/loader:323:24)
    at async loadESM (node:internal/process/esm_loader:28:7)
    at async handleMainPromise (node:internal/modules/run_main:113:12)
2025.01.19 22:57:12.505 | error: uncaughtException: __dirname is not defined in ES module scope
This file is being treated as an ES module because it has a '.js' file extension and 'C:\Users\Artemiik\Documents\git\flicksfi\web-tests\package.json' contains "type": "module". To treat it as a CommonJS script, rename it to use the '.cjs' file extension.
ReferenceError: __dirname is not defined in ES module scope
This file is being treated as an ES module because it has a '.js' file extension and 'C:\Users\Artemiik\Documents\git\flicksfi\web-tests\package.json' contains "type": "module". To treat it as a CommonJS script, rename it to use the '.cjs' file extension.
    at file:///C:/Users/Artemiik/Documents/git/flicksfi/web-tests/src/app.js:12:34
    at ModuleJob.run (node:internal/modules/esm/module_job:222:25)
    at async ModuleLoader.import (node:internal/modules/esm/loader:323:24)
    at async loadESM (node:internal/process/esm_loader:28:7)
    at async handleMainPromise (node:internal/modules/run_main:113:12)
2025.01.19 22:57:34.591 | error: uncaughtException: __dirname is not defined in ES module scope
This file is being treated as an ES module because it has a '.js' file extension and 'C:\Users\Artemiik\Documents\git\flicksfi\web-tests\package.json' contains "type": "module". To treat it as a CommonJS script, rename it to use the '.cjs' file extension.
ReferenceError: __dirname is not defined in ES module scope
This file is being treated as an ES module because it has a '.js' file extension and 'C:\Users\Artemiik\Documents\git\flicksfi\web-tests\package.json' contains "type": "module". To treat it as a CommonJS script, rename it to use the '.cjs' file extension.
    at file:///C:/Users/Artemiik/Documents/git/flicksfi/web-tests/src/app.js:12:34
    at ModuleJob.run (node:internal/modules/esm/module_job:222:25)
    at async ModuleLoader.import (node:internal/modules/esm/loader:323:24)
    at async loadESM (node:internal/process/esm_loader:28:7)
    at async handleMainPromise (node:internal/modules/run_main:113:12)
2025.01.19 22:57:39.120 | error: uncaughtException: __dirname is not defined in ES module scope
This file is being treated as an ES module because it has a '.js' file extension and 'C:\Users\Artemiik\Documents\git\flicksfi\web-tests\package.json' contains "type": "module". To treat it as a CommonJS script, rename it to use the '.cjs' file extension.
ReferenceError: __dirname is not defined in ES module scope
This file is being treated as an ES module because it has a '.js' file extension and 'C:\Users\Artemiik\Documents\git\flicksfi\web-tests\package.json' contains "type": "module". To treat it as a CommonJS script, rename it to use the '.cjs' file extension.
    at file:///C:/Users/Artemiik/Documents/git/flicksfi/web-tests/src/app.js:12:34
    at ModuleJob.run (node:internal/modules/esm/module_job:222:25)
    at async ModuleLoader.import (node:internal/modules/esm/loader:323:24)
    at async loadESM (node:internal/process/esm_loader:28:7)
    at async handleMainPromise (node:internal/modules/run_main:113:12)
2025.01.19 22:57:46.143 | error: uncaughtException: __dirname is not defined in ES module scope
This file is being treated as an ES module because it has a '.js' file extension and 'C:\Users\Artemiik\Documents\git\flicksfi\web-tests\package.json' contains "type": "module". To treat it as a CommonJS script, rename it to use the '.cjs' file extension.
ReferenceError: __dirname is not defined in ES module scope
This file is being treated as an ES module because it has a '.js' file extension and 'C:\Users\Artemiik\Documents\git\flicksfi\web-tests\package.json' contains "type": "module". To treat it as a CommonJS script, rename it to use the '.cjs' file extension.
    at file:///C:/Users/Artemiik/Documents/git/flicksfi/web-tests/src/app.js:12:34
    at ModuleJob.run (node:internal/modules/esm/module_job:222:25)
    at async ModuleLoader.import (node:internal/modules/esm/loader:323:24)
    at async loadESM (node:internal/process/esm_loader:28:7)
    at async handleMainPromise (node:internal/modules/run_main:113:12)
2025.01.19 22:58:11.120 | error: uncaughtException: __dirname is not defined in ES module scope
This file is being treated as an ES module because it has a '.js' file extension and 'C:\Users\Artemiik\Documents\git\flicksfi\web-tests\package.json' contains "type": "module". To treat it as a CommonJS script, rename it to use the '.cjs' file extension.
ReferenceError: __dirname is not defined in ES module scope
This file is being treated as an ES module because it has a '.js' file extension and 'C:\Users\Artemiik\Documents\git\flicksfi\web-tests\package.json' contains "type": "module". To treat it as a CommonJS script, rename it to use the '.cjs' file extension.
    at file:///C:/Users/Artemiik/Documents/git/flicksfi/web-tests/src/app.js:13:34
    at ModuleJob.run (node:internal/modules/esm/module_job:222:25)
    at async ModuleLoader.import (node:internal/modules/esm/loader:323:24)
    at async loadESM (node:internal/process/esm_loader:28:7)
    at async handleMainPromise (node:internal/modules/run_main:113:12)
2025.01.19 22:58:14.723 | error: uncaughtException: __dirname is not defined in ES module scope
This file is being treated as an ES module because it has a '.js' file extension and 'C:\Users\Artemiik\Documents\git\flicksfi\web-tests\package.json' contains "type": "module". To treat it as a CommonJS script, rename it to use the '.cjs' file extension.
ReferenceError: __dirname is not defined in ES module scope
This file is being treated as an ES module because it has a '.js' file extension and 'C:\Users\Artemiik\Documents\git\flicksfi\web-tests\package.json' contains "type": "module". To treat it as a CommonJS script, rename it to use the '.cjs' file extension.
    at file:///C:/Users/Artemiik/Documents/git/flicksfi/web-tests/src/app.js:17:34
    at ModuleJob.run (node:internal/modules/esm/module_job:222:25)
    at async ModuleLoader.import (node:internal/modules/esm/loader:323:24)
    at async loadESM (node:internal/process/esm_loader:28:7)
    at async handleMainPromise (node:internal/modules/run_main:113:12)
2025.01.19 22:58:18.929 | error: uncaughtException: __dirname is not defined in ES module scope
This file is being treated as an ES module because it has a '.js' file extension and 'C:\Users\Artemiik\Documents\git\flicksfi\web-tests\package.json' contains "type": "module". To treat it as a CommonJS script, rename it to use the '.cjs' file extension.
ReferenceError: __dirname is not defined in ES module scope
This file is being treated as an ES module because it has a '.js' file extension and 'C:\Users\Artemiik\Documents\git\flicksfi\web-tests\package.json' contains "type": "module". To treat it as a CommonJS script, rename it to use the '.cjs' file extension.
    at file:///C:/Users/Artemiik/Documents/git/flicksfi/web-tests/src/app.js:15:34
    at ModuleJob.run (node:internal/modules/esm/module_job:222:25)
    at async ModuleLoader.import (node:internal/modules/esm/loader:323:24)
    at async loadESM (node:internal/process/esm_loader:28:7)
    at async handleMainPromise (node:internal/modules/run_main:113:12)
2025.01.19 22:58:24.631 | error: uncaughtException: __dirname is not defined in ES module scope
This file is being treated as an ES module because it has a '.js' file extension and 'C:\Users\Artemiik\Documents\git\flicksfi\web-tests\package.json' contains "type": "module". To treat it as a CommonJS script, rename it to use the '.cjs' file extension.
ReferenceError: __dirname is not defined in ES module scope
This file is being treated as an ES module because it has a '.js' file extension and 'C:\Users\Artemiik\Documents\git\flicksfi\web-tests\package.json' contains "type": "module". To treat it as a CommonJS script, rename it to use the '.cjs' file extension.
    at file:///C:/Users/Artemiik/Documents/git/flicksfi/web-tests/src/app.js:15:34
    at ModuleJob.run (node:internal/modules/esm/module_job:222:25)
    at async ModuleLoader.import (node:internal/modules/esm/loader:323:24)
    at async loadESM (node:internal/process/esm_loader:28:7)
    at async handleMainPromise (node:internal/modules/run_main:113:12)
2025.01.19 22:58:30.788 | error: uncaughtException: __dirname is not defined in ES module scope
This file is being treated as an ES module because it has a '.js' file extension and 'C:\Users\Artemiik\Documents\git\flicksfi\web-tests\package.json' contains "type": "module". To treat it as a CommonJS script, rename it to use the '.cjs' file extension.
ReferenceError: __dirname is not defined in ES module scope
This file is being treated as an ES module because it has a '.js' file extension and 'C:\Users\Artemiik\Documents\git\flicksfi\web-tests\package.json' contains "type": "module". To treat it as a CommonJS script, rename it to use the '.cjs' file extension.
    at file:///C:/Users/Artemiik/Documents/git/flicksfi/web-tests/src/app.js:15:34
    at ModuleJob.run (node:internal/modules/esm/module_job:222:25)
    at async ModuleLoader.import (node:internal/modules/esm/loader:323:24)
    at async loadESM (node:internal/process/esm_loader:28:7)
    at async handleMainPromise (node:internal/modules/run_main:113:12)
2025.01.19 22:58:46.949 | error: uncaughtException: __dirname is not defined in ES module scope
This file is being treated as an ES module because it has a '.js' file extension and 'C:\Users\Artemiik\Documents\git\flicksfi\web-tests\package.json' contains "type": "module". To treat it as a CommonJS script, rename it to use the '.cjs' file extension.
ReferenceError: __dirname is not defined in ES module scope
This file is being treated as an ES module because it has a '.js' file extension and 'C:\Users\Artemiik\Documents\git\flicksfi\web-tests\package.json' contains "type": "module". To treat it as a CommonJS script, rename it to use the '.cjs' file extension.
    at file:///C:/Users/Artemiik/Documents/git/flicksfi/web-tests/src/app.js:15:34
    at ModuleJob.run (node:internal/modules/esm/module_job:222:25)
    at async ModuleLoader.import (node:internal/modules/esm/loader:323:24)
    at async loadESM (node:internal/process/esm_loader:28:7)
    at async handleMainPromise (node:internal/modules/run_main:113:12)
2025.01.19 22:58:53.148 | error: uncaughtException: __dirname is not defined in ES module scope
This file is being treated as an ES module because it has a '.js' file extension and 'C:\Users\Artemiik\Documents\git\flicksfi\web-tests\package.json' contains "type": "module". To treat it as a CommonJS script, rename it to use the '.cjs' file extension.
ReferenceError: __dirname is not defined in ES module scope
This file is being treated as an ES module because it has a '.js' file extension and 'C:\Users\Artemiik\Documents\git\flicksfi\web-tests\package.json' contains "type": "module". To treat it as a CommonJS script, rename it to use the '.cjs' file extension.
    at file:///C:/Users/Artemiik/Documents/git/flicksfi/web-tests/src/app.js:15:34
    at ModuleJob.run (node:internal/modules/esm/module_job:222:25)
    at async ModuleLoader.import (node:internal/modules/esm/loader:323:24)
    at async loadESM (node:internal/process/esm_loader:28:7)
    at async handleMainPromise (node:internal/modules/run_main:113:12)
2025.01.19 22:58:57.128 | error: uncaughtException: __dirname is not defined in ES module scope
This file is being treated as an ES module because it has a '.js' file extension and 'C:\Users\Artemiik\Documents\git\flicksfi\web-tests\package.json' contains "type": "module". To treat it as a CommonJS script, rename it to use the '.cjs' file extension.
ReferenceError: __dirname is not defined in ES module scope
This file is being treated as an ES module because it has a '.js' file extension and 'C:\Users\Artemiik\Documents\git\flicksfi\web-tests\package.json' contains "type": "module". To treat it as a CommonJS script, rename it to use the '.cjs' file extension.
    at file:///C:/Users/Artemiik/Documents/git/flicksfi/web-tests/src/app.js:15:34
    at ModuleJob.run (node:internal/modules/esm/module_job:222:25)
    at async ModuleLoader.import (node:internal/modules/esm/loader:323:24)
    at async loadESM (node:internal/process/esm_loader:28:7)
    at async handleMainPromise (node:internal/modules/run_main:113:12)
2025.01.19 22:59:12.528 | error: uncaughtException: dirname is not defined
ReferenceError: dirname is not defined
    at file:///C:/Users/Artemiik/Documents/git/flicksfi/web-tests/src/app.js:12:1
    at ModuleJob.run (node:internal/modules/esm/module_job:222:25)
    at async ModuleLoader.import (node:internal/modules/esm/loader:323:24)
    at async loadESM (node:internal/process/esm_loader:28:7)
    at async handleMainPromise (node:internal/modules/run_main:113:12)
2025.01.19 22:59:15.050 | error: uncaughtException: dirname is not defined
ReferenceError: dirname is not defined
    at file:///C:/Users/Artemiik/Documents/git/flicksfi/web-tests/src/app.js:12:1
    at ModuleJob.run (node:internal/modules/esm/module_job:222:25)
    at async ModuleLoader.import (node:internal/modules/esm/loader:323:24)
    at async loadESM (node:internal/process/esm_loader:28:7)
    at async handleMainPromise (node:internal/modules/run_main:113:12)
2025.01.19 22:59:22.398 | error: uncaughtException: Cannot read properties of undefined (reading '__filename')
TypeError: Cannot read properties of undefined (reading '__filename')
    at file:///C:/Users/Artemiik/Documents/git/flicksfi/web-tests/src/app.js:13:26
    at ModuleJob.run (node:internal/modules/esm/module_job:222:25)
    at async ModuleLoader.import (node:internal/modules/esm/loader:323:24)
    at async loadESM (node:internal/process/esm_loader:28:7)
    at async handleMainPromise (node:internal/modules/run_main:113:12)
2025.01.19 22:59:24.699 | error: uncaughtException: Cannot read properties of undefined (reading '__filename')
TypeError: Cannot read properties of undefined (reading '__filename')
    at file:///C:/Users/Artemiik/Documents/git/flicksfi/web-tests/src/app.js:13:26
    at ModuleJob.run (node:internal/modules/esm/module_job:222:25)
    at async ModuleLoader.import (node:internal/modules/esm/loader:323:24)
    at async loadESM (node:internal/process/esm_loader:28:7)
    at async handleMainPromise (node:internal/modules/run_main:113:12)
2025.01.19 22:59:54.482 | error: uncaughtException: fileURLToPath is not defined
ReferenceError: fileURLToPath is not defined
    at file:///C:/Users/Artemiik/Documents/git/flicksfi/web-tests/src/app.js:13:20
    at ModuleJob.run (node:internal/modules/esm/module_job:222:25)
    at async ModuleLoader.import (node:internal/modules/esm/loader:323:24)
    at async loadESM (node:internal/process/esm_loader:28:7)
    at async handleMainPromise (node:internal/modules/run_main:113:12)
2025.01.19 22:59:58.013 | error: uncaughtException: Cannot read properties of undefined (reading '__filename')
TypeError: Cannot read properties of undefined (reading '__filename')
    at file:///C:/Users/Artemiik/Documents/git/flicksfi/web-tests/src/app.js:15:32
    at ModuleJob.run (node:internal/modules/esm/module_job:222:25)
    at async ModuleLoader.import (node:internal/modules/esm/loader:323:24)
    at async loadESM (node:internal/process/esm_loader:28:7)
    at async handleMainPromise (node:internal/modules/run_main:113:12)
2025.01.19 23:00:03.428 | error: uncaughtException: Cannot read properties of undefined (reading '__filename')
TypeError: Cannot read properties of undefined (reading '__filename')
    at file:///C:/Users/Artemiik/Documents/git/flicksfi/web-tests/src/app.js:14:32
    at ModuleJob.run (node:internal/modules/esm/module_job:222:25)
    at async ModuleLoader.import (node:internal/modules/esm/loader:323:24)
    at async loadESM (node:internal/process/esm_loader:28:7)
    at async handleMainPromise (node:internal/modules/run_main:113:12)
2025.01.19 23:00:04.738 | error: uncaughtException: Cannot read properties of undefined (reading '__filename')
TypeError: Cannot read properties of undefined (reading '__filename')
    at file:///C:/Users/Artemiik/Documents/git/flicksfi/web-tests/src/app.js:15:32
    at ModuleJob.run (node:internal/modules/esm/module_job:222:25)
    at async ModuleLoader.import (node:internal/modules/esm/loader:323:24)
    at async loadESM (node:internal/process/esm_loader:28:7)
    at async handleMainPromise (node:internal/modules/run_main:113:12)
